

..../Data/cf-standard-names/1/src/cf-standard-name-table.xml
     <alias id="surface_downwelling_longwave_flux">
       <entry_id>surface_downwelling_longwave_flux_in_air</entry_id>
       <entry_id>surface_downwelling_longwave_flux_in_air_assuming_clear_sky</entry_id>
     </alias>


..../Data/cf-standard-names/2/src/cf-standard-name-table.xml
     <alias id="surface_downwelling_longwave_flux">
       <entry_id>surface_downwelling_longwave_flux_in_air</entry_id>
       <entry_id>surface_downwelling_longwave_flux_in_air_assuming_clear_sky</entry_id>
     </alias>


..../Data/cf-standard-names/3/src/cf-standard-name-table.xml
     <alias id="surface_downwelling_longwave_flux">
       <entry_id>surface_downwelling_longwave_flux_in_air</entry_id>
       <entry_id>surface_downwelling_longwave_flux_in_air_assuming_clear_sky</entry_id>
     </alias>


..../Data/cf-standard-names/4/src/cf-standard-name-table.xml
     <alias id="surface_downwelling_longwave_flux">
       <entry_id>surface_downwelling_longwave_flux_in_air</entry_id>
       <entry_id>surface_downwelling_longwave_flux_in_air_assuming_clear_sky</entry_id>
     </alias>


..../Data/cf-standard-names/5/src/cf-standard-name-table.xml


..../Data/cf-standard-names/6/src/cf-standard-name-table.xml


..../Data/cf-standard-names/7/src/cf-standard-name-table.xml


..../Data/cf-standard-names/8/src/cf-standard-name-table.xml


..../Data/cf-standard-names/9/src/cf-standard-name-table.xml


..../Data/cf-standard-names/10/src/cf-standard-name-table.xml


..../Data/cf-standard-names/11/src/cf-standard-name-table.xml


..../Data/cf-standard-names/12/src/cf-standard-name-table.xml


..../Data/cf-standard-names/13/src/cf-standard-name-table.xml


..../Data/cf-standard-names/14/src/cf-standard-name-table.xml


..../Data/cf-standard-names/15/src/cf-standard-name-table.xml
     <alias id="surface_carbon_dioxide_mole_flux">
       <entry_id>surface_downward_mole_flux_of_carbon_dioxide</entry_id>
       <entry_id>surface_upward_mole_flux_of_carbon_dioxide</entry_id>
     </alias>


..../Data/cf-standard-names/16/src/cf-standard-name-table.xml
     <alias id="surface_carbon_dioxide_mole_flux">
       <entry_id>surface_downward_mole_flux_of_carbon_dioxide</entry_id>
       <entry_id>surface_upward_mole_flux_of_carbon_dioxide</entry_id>
     </alias>


..../Data/cf-standard-names/17/src/cf-standard-name-table.xml
      <alias id="surface_carbon_dioxide_mole_flux">
         <entry_id>surface_downward_mole_flux_of_carbon_dioxide</entry_id>
         <entry_id>surface_upward_mole_flux_of_carbon_dioxide</entry_id>
      </alias>


..../Data/cf-standard-names/18/src/cf-standard-name-table.xml
      <alias id="surface_carbon_dioxide_mole_flux">
         <entry_id>surface_downward_mole_flux_of_carbon_dioxide</entry_id>
         <entry_id>surface_upward_mole_flux_of_carbon_dioxide</entry_id>
      </alias>


..../Data/cf-standard-names/19/src/cf-standard-name-table.xml
      <alias id="surface_carbon_dioxide_mole_flux">
         <entry_id>surface_downward_mole_flux_of_carbon_dioxide</entry_id>
         <entry_id>surface_upward_mole_flux_of_carbon_dioxide</entry_id>
      </alias>


..../Data/cf-standard-names/20/src/cf-standard-name-table.xml
      <alias id="surface_carbon_dioxide_mole_flux">
         <entry_id>surface_downward_mole_flux_of_carbon_dioxide</entry_id>
         <entry_id>surface_upward_mole_flux_of_carbon_dioxide</entry_id>
      </alias>


..../Data/cf-standard-names/21/src/cf-standard-name-table.xml
      <alias id="surface_carbon_dioxide_mole_flux">
         <entry_id>surface_downward_mole_flux_of_carbon_dioxide</entry_id>
         <entry_id>surface_upward_mole_flux_of_carbon_dioxide</entry_id>
      </alias>


..../Data/cf-standard-names/22/src/cf-standard-name-table.xml
      <alias id="surface_carbon_dioxide_mole_flux">
         <entry_id>surface_downward_mole_flux_of_carbon_dioxide</entry_id>
         <entry_id>surface_upward_mole_flux_of_carbon_dioxide</entry_id>
      </alias>


..../Data/cf-standard-names/23/src/cf-standard-name-table.xml
     <alias id="surface_carbon_dioxide_mole_flux">
       <entry_id>surface_downward_mole_flux_of_carbon_dioxide</entry_id>
       <entry_id>surface_upward_mole_flux_of_carbon_dioxide</entry_id>
     </alias>


..../Data/cf-standard-names/24/src/cf-standard-name-table.xml
     <alias id="surface_carbon_dioxide_mole_flux">
       <entry_id>surface_downward_mole_flux_of_carbon_dioxide</entry_id>
       <entry_id>surface_upward_mole_flux_of_carbon_dioxide</entry_id>
     </alias>


..../Data/cf-standard-names/25/src/cf-standard-name-table.xml
     <alias id="surface_carbon_dioxide_mole_flux">
       <entry_id>surface_downward_mole_flux_of_carbon_dioxide</entry_id>
       <entry_id>surface_upward_mole_flux_of_carbon_dioxide</entry_id>
     </alias>


..../Data/cf-standard-names/26/src/cf-standard-name-table.xml
     <alias id="spectral_radiance">
       <entry_id>isotropic_spectral_radiance_in_air</entry_id>
       <entry_id>isotropic_radiance_per_unit_wavelength_in_air</entry_id>
     </alias>
     <alias id="surface_carbon_dioxide_mole_flux">
       <entry_id>surface_downward_mole_flux_of_carbon_dioxide</entry_id>
       <entry_id>surface_upward_mole_flux_of_carbon_dioxide</entry_id>
     </alias>


..../Data/cf-standard-names/27/src/cf-standard-name-table.xml
     <alias id="surface_carbon_dioxide_mole_flux">
       <entry_id>surface_upward_mole_flux_of_carbon_dioxide</entry_id>
       <entry_id>surface_downward_mole_flux_of_carbon_dioxide</entry_id>
     </alias>


..../Data/cf-standard-names/28/src/cf-standard-name-table.xml
     <alias id="surface_carbon_dioxide_mole_flux">
       <entry_id>surface_upward_mole_flux_of_carbon_dioxide</entry_id>
       <entry_id>surface_downward_mole_flux_of_carbon_dioxide</entry_id>
     </alias>


..../Data/cf-standard-names/29/src/cf-standard-name-table.xml
     <alias id="surface_carbon_dioxide_mole_flux">
       <entry_id>surface_downward_mole_flux_of_carbon_dioxide</entry_id>
       <entry_id>surface_upward_mole_flux_of_carbon_dioxide</entry_id>
     </alias>


..../Data/cf-standard-names/30/src/cf-standard-name-table.xml
     <alias id="surface_carbon_dioxide_mole_flux">
       <entry_id>surface_upward_mole_flux_of_carbon_dioxide</entry_id>
       <entry_id>surface_downward_mole_flux_of_carbon_dioxide</entry_id>
     </alias>


..../Data/cf-standard-names/31/src/cf-standard-name-table.xml
     <alias id="surface_carbon_dioxide_mole_flux">
       <entry_id>surface_downward_mole_flux_of_carbon_dioxide</entry_id>
       <entry_id>surface_upward_mole_flux_of_carbon_dioxide</entry_id>
     </alias>


..../Data/cf-standard-names/32/src/cf-standard-name-table.xml
     <alias id="surface_carbon_dioxide_mole_flux">
       <entry_id>surface_upward_mole_flux_of_carbon_dioxide</entry_id>
       <entry_id>surface_downward_mole_flux_of_carbon_dioxide</entry_id>
     </alias>


..../Data/cf-standard-names/33/src/cf-standard-name-table.xml
     <alias id="surface_carbon_dioxide_mole_flux">
       <entry_id>surface_downward_mole_flux_of_carbon_dioxide</entry_id>
       <entry_id>surface_upward_mole_flux_of_carbon_dioxide</entry_id>
     </alias>


..../Data/cf-standard-names/34/src/cf-standard-name-table.xml
     <alias id="surface_carbon_dioxide_mole_flux">
       <entry_id>surface_downward_mole_flux_of_carbon_dioxide</entry_id>
       <entry_id>surface_upward_mole_flux_of_carbon_dioxide</entry_id>
     </alias>


..../Data/cf-standard-names/35/src/cf-standard-name-table.xml
     <alias id="surface_carbon_dioxide_mole_flux">
       <entry_id>surface_upward_mole_flux_of_carbon_dioxide</entry_id>
       <entry_id>surface_downward_mole_flux_of_carbon_dioxide</entry_id>
     </alias>


..../Data/cf-standard-names/36/src/cf-standard-name-table.xml
     <alias id="surface_carbon_dioxide_mole_flux">
       <entry_id>surface_downward_mole_flux_of_carbon_dioxide</entry_id>
       <entry_id>surface_upward_mole_flux_of_carbon_dioxide</entry_id>
     </alias>


..../Data/cf-standard-names/37/src/cf-standard-name-table.xml
     <alias id="surface_carbon_dioxide_mole_flux">
       <entry_id>surface_upward_mole_flux_of_carbon_dioxide</entry_id>
       <entry_id>surface_downward_mole_flux_of_carbon_dioxide</entry_id>
     </alias>


..../Data/cf-standard-names/39/src/cf-standard-name-table.xml
     <alias id="surface_carbon_dioxide_mole_flux">
       <entry_id>surface_downward_mole_flux_of_carbon_dioxide</entry_id>
       <entry_id>surface_upward_mole_flux_of_carbon_dioxide</entry_id>
     </alias>


..../Data/cf-standard-names/40/src/cf-standard-name-table.xml
     <alias id="surface_carbon_dioxide_mole_flux">
       <entry_id>surface_upward_mole_flux_of_carbon_dioxide</entry_id>
       <entry_id>surface_downward_mole_flux_of_carbon_dioxide</entry_id>
     </alias>


..../Data/cf-standard-names/41/src/cf-standard-name-table.xml
     <alias id="surface_carbon_dioxide_mole_flux">
       <entry_id>surface_downward_mole_flux_of_carbon_dioxide</entry_id>
       <entry_id>surface_upward_mole_flux_of_carbon_dioxide</entry_id>
     </alias>


..../Data/cf-standard-names/42/src/cf-standard-name-table.xml
     <alias id="surface_carbon_dioxide_mole_flux">
       <entry_id>surface_downward_mole_flux_of_carbon_dioxide</entry_id>
       <entry_id>surface_upward_mole_flux_of_carbon_dioxide</entry_id>
     </alias>


..../Data/cf-standard-names/43/src/cf-standard-name-table.xml
     <alias id="surface_carbon_dioxide_mole_flux">
       <entry_id>surface_upward_mole_flux_of_carbon_dioxide</entry_id>
       <entry_id>surface_downward_mole_flux_of_carbon_dioxide</entry_id>
     </alias>


..../Data/cf-standard-names/44/src/cf-standard-name-table.xml
     <alias id="surface_carbon_dioxide_mole_flux">
       <entry_id>surface_downward_mole_flux_of_carbon_dioxide</entry_id>
       <entry_id>surface_upward_mole_flux_of_carbon_dioxide</entry_id>
     </alias>


..../Data/cf-standard-names/45/src/cf-standard-name-table.xml
     <alias id="surface_carbon_dioxide_mole_flux">
       <entry_id>surface_downward_mole_flux_of_carbon_dioxide</entry_id>
       <entry_id>surface_upward_mole_flux_of_carbon_dioxide</entry_id>
     </alias>


..../Data/cf-standard-names/46/src/cf-standard-name-table.xml
     <alias id="surface_carbon_dioxide_mole_flux">
       <entry_id>surface_downward_mole_flux_of_carbon_dioxide</entry_id>
       <entry_id>surface_upward_mole_flux_of_carbon_dioxide</entry_id>
     </alias>


..../Data/cf-standard-names/47/src/cf-standard-name-table.xml
     <alias id="surface_carbon_dioxide_mole_flux">
       <entry_id>surface_upward_mole_flux_of_carbon_dioxide</entry_id>
       <entry_id>surface_downward_mole_flux_of_carbon_dioxide</entry_id>
     </alias>


..../Data/cf-standard-names/48/src/cf-standard-name-table.xml
     <alias id="surface_carbon_dioxide_mole_flux">
       <entry_id>surface_downward_mole_flux_of_carbon_dioxide</entry_id>
       <entry_id>surface_upward_mole_flux_of_carbon_dioxide</entry_id>
     </alias>


..../Data/cf-standard-names/49/src/cf-standard-name-table.xml
     <alias id="surface_carbon_dioxide_mole_flux">
       <entry_id>surface_downward_mole_flux_of_carbon_dioxide</entry_id>
       <entry_id>surface_upward_mole_flux_of_carbon_dioxide</entry_id>
     </alias>


..../Data/cf-standard-names/50/src/cf-standard-name-table.xml
     <alias id="surface_carbon_dioxide_mole_flux">
       <entry_id>surface_downward_mole_flux_of_carbon_dioxide</entry_id>
       <entry_id>surface_upward_mole_flux_of_carbon_dioxide</entry_id>
     </alias>


..../Data/cf-standard-names/51/src/cf-standard-name-table.xml
     <alias id="surface_carbon_dioxide_mole_flux">
       <entry_id>surface_downward_mole_flux_of_carbon_dioxide</entry_id>
       <entry_id>surface_upward_mole_flux_of_carbon_dioxide</entry_id>
     </alias>


..../Data/cf-standard-names/52/src/cf-standard-name-table.xml
     <alias id="surface_carbon_dioxide_mole_flux">
       <entry_id>surface_downward_mole_flux_of_carbon_dioxide</entry_id>
       <entry_id>surface_upward_mole_flux_of_carbon_dioxide</entry_id>
     </alias>


..../Data/cf-standard-names/53/src/cf-standard-name-table.xml
     <alias id="surface_carbon_dioxide_mole_flux">
       <entry_id>surface_downward_mole_flux_of_carbon_dioxide</entry_id>
       <entry_id>surface_upward_mole_flux_of_carbon_dioxide</entry_id>
     </alias>


..../Data/cf-standard-names/54/src/cf-standard-name-table.xml
     <alias id="surface_carbon_dioxide_mole_flux">
       <entry_id>surface_downward_mole_flux_of_carbon_dioxide</entry_id>
       <entry_id>surface_upward_mole_flux_of_carbon_dioxide</entry_id>
     </alias>


..../Data/cf-standard-names/55/src/cf-standard-name-table.xml
     <alias id="surface_carbon_dioxide_mole_flux">
       <entry_id>surface_downward_mole_flux_of_carbon_dioxide</entry_id>
       <entry_id>surface_upward_mole_flux_of_carbon_dioxide</entry_id>
     </alias>


..../Data/cf-standard-names/56/src/cf-standard-name-table.xml
     <alias id="surface_carbon_dioxide_mole_flux">
       <entry_id>surface_downward_mole_flux_of_carbon_dioxide</entry_id>
       <entry_id>surface_upward_mole_flux_of_carbon_dioxide</entry_id>
     </alias>


..../Data/cf-standard-names/57/src/cf-standard-name-table.xml
     <alias id="surface_carbon_dioxide_mole_flux">
       <entry_id>surface_downward_mole_flux_of_carbon_dioxide</entry_id>
       <entry_id>surface_upward_mole_flux_of_carbon_dioxide</entry_id>
     </alias>


..../Data/cf-standard-names/58/src/cf-standard-name-table.xml
     <alias id="surface_carbon_dioxide_mole_flux">
       <entry_id>surface_downward_mole_flux_of_carbon_dioxide</entry_id>
       <entry_id>surface_upward_mole_flux_of_carbon_dioxide</entry_id>
     </alias>


..../Data/cf-standard-names/59/src/cf-standard-name-table.xml
     <alias id="surface_carbon_dioxide_mole_flux">
       <entry_id>surface_downward_mole_flux_of_carbon_dioxide</entry_id>
       <entry_id>surface_upward_mole_flux_of_carbon_dioxide</entry_id>
     </alias>


..../Data/cf-standard-names/60/src/cf-standard-name-table.xml
     <alias id="surface_carbon_dioxide_mole_flux">
       <entry_id>surface_upward_mole_flux_of_carbon_dioxide</entry_id>
       <entry_id>surface_downward_mole_flux_of_carbon_dioxide</entry_id>
     </alias>


..../Data/cf-standard-names/61/src/cf-standard-name-table.xml
     <alias id="surface_carbon_dioxide_mole_flux">
       <entry_id>surface_downward_mole_flux_of_carbon_dioxide</entry_id>
       <entry_id>surface_upward_mole_flux_of_carbon_dioxide</entry_id>
     </alias>


..../Data/cf-standard-names/62/src/cf-standard-name-table.xml
     <alias id="surface_carbon_dioxide_mole_flux">
       <entry_id>surface_upward_mole_flux_of_carbon_dioxide</entry_id>
       <entry_id>surface_downward_mole_flux_of_carbon_dioxide</entry_id>
     </alias>


..../Data/cf-standard-names/63/src/cf-standard-name-table.xml
     <alias id="surface_carbon_dioxide_mole_flux">
       <entry_id>surface_downward_mole_flux_of_carbon_dioxide</entry_id>
       <entry_id>surface_upward_mole_flux_of_carbon_dioxide</entry_id>
     </alias>


..../Data/cf-standard-names/64/src/cf-standard-name-table.xml
     <alias id="surface_carbon_dioxide_mole_flux">
       <entry_id>surface_downward_mole_flux_of_carbon_dioxide</entry_id>
       <entry_id>surface_upward_mole_flux_of_carbon_dioxide</entry_id>
     </alias>


..../Data/cf-standard-names/65/src/cf-standard-name-table.xml
     <alias id="surface_carbon_dioxide_mole_flux">
       <entry_id>surface_downward_mole_flux_of_carbon_dioxide</entry_id>
       <entry_id>surface_upward_mole_flux_of_carbon_dioxide</entry_id>
     </alias>


..../Data/cf-standard-names/66/src/cf-standard-name-table.xml
     <alias id="surface_carbon_dioxide_mole_flux">
       <entry_id>surface_upward_mole_flux_of_carbon_dioxide</entry_id>
       <entry_id>surface_downward_mole_flux_of_carbon_dioxide</entry_id>
     </alias>


..../Data/cf-standard-names/67/src/cf-standard-name-table.xml
     <alias id="surface_carbon_dioxide_mole_flux">
       <entry_id>surface_downward_mole_flux_of_carbon_dioxide</entry_id>
       <entry_id>surface_upward_mole_flux_of_carbon_dioxide</entry_id>
     </alias>


..../Data/cf-standard-names/68/src/cf-standard-name-table.xml
     <alias id="surface_carbon_dioxide_mole_flux">
       <entry_id>surface_upward_mole_flux_of_carbon_dioxide</entry_id>
       <entry_id>surface_downward_mole_flux_of_carbon_dioxide</entry_id>
     </alias>


..../Data/cf-standard-names/69/src/cf-standard-name-table.xml
     <alias id="surface_carbon_dioxide_mole_flux">
       <entry_id>surface_downward_mole_flux_of_carbon_dioxide</entry_id>
       <entry_id>surface_upward_mole_flux_of_carbon_dioxide</entry_id>
     </alias>


..../Data/cf-standard-names/70/src/cf-standard-name-table.xml
     <alias id="surface_carbon_dioxide_mole_flux">
       <entry_id>surface_downward_mole_flux_of_carbon_dioxide</entry_id>
       <entry_id>surface_upward_mole_flux_of_carbon_dioxide</entry_id>
     </alias>


..../Data/cf-standard-names/71/src/cf-standard-name-table.xml
     <alias id="surface_carbon_dioxide_mole_flux">
       <entry_id>surface_downward_mole_flux_of_carbon_dioxide</entry_id>
       <entry_id>surface_upward_mole_flux_of_carbon_dioxide</entry_id>
     </alias>


..../Data/cf-standard-names/72/src/cf-standard-name-table.xml
     <alias id="surface_carbon_dioxide_mole_flux">
       <entry_id>surface_downward_mole_flux_of_carbon_dioxide</entry_id>
       <entry_id>surface_upward_mole_flux_of_carbon_dioxide</entry_id>
     </alias>


..../Data/cf-standard-names/73/src/cf-standard-name-table.xml
     <alias id="surface_carbon_dioxide_mole_flux">
       <entry_id>surface_downward_mole_flux_of_carbon_dioxide</entry_id>
       <entry_id>surface_upward_mole_flux_of_carbon_dioxide</entry_id>
     </alias>


..../Data/cf-standard-names/74/src/cf-standard-name-table.xml
     <alias id="surface_carbon_dioxide_mole_flux">
       <entry_id>surface_downward_mole_flux_of_carbon_dioxide</entry_id>
       <entry_id>surface_upward_mole_flux_of_carbon_dioxide</entry_id>
     </alias>


..../Data/cf-standard-names/75/src/cf-standard-name-table.xml
     <alias id="surface_carbon_dioxide_mole_flux">
       <entry_id>surface_downward_mole_flux_of_carbon_dioxide</entry_id>
       <entry_id>surface_upward_mole_flux_of_carbon_dioxide</entry_id>
     </alias>


..../Data/cf-standard-names/76/src/cf-standard-name-table.xml
     <alias id="surface_carbon_dioxide_mole_flux">
       <entry_id>surface_downward_mole_flux_of_carbon_dioxide</entry_id>
       <entry_id>surface_upward_mole_flux_of_carbon_dioxide</entry_id>
     </alias>


..../Data/cf-standard-names/77/src/cf-standard-name-table.xml
     <alias id="surface_carbon_dioxide_mole_flux">
       <entry_id>surface_upward_mole_flux_of_carbon_dioxide</entry_id>
       <entry_id>surface_downward_mole_flux_of_carbon_dioxide</entry_id>
     </alias>


..../Data/cf-standard-names/78/src/cf-standard-name-table.xml
     <alias id="surface_carbon_dioxide_mole_flux">
       <entry_id>surface_upward_mole_flux_of_carbon_dioxide</entry_id>
       <entry_id>surface_downward_mole_flux_of_carbon_dioxide</entry_id>
     </alias>


..../Data/cf-standard-names/79/src/cf-standard-name-table.xml
     <alias id="surface_carbon_dioxide_mole_flux">
       <entry_id>surface_upward_mole_flux_of_carbon_dioxide</entry_id>
       <entry_id>surface_downward_mole_flux_of_carbon_dioxide</entry_id>
     </alias>


..../Data/cf-standard-names/80/src/cf-standard-name-table.xml
     <alias id="surface_carbon_dioxide_mole_flux">
       <entry_id>surface_downward_mole_flux_of_carbon_dioxide</entry_id>
       <entry_id>surface_upward_mole_flux_of_carbon_dioxide</entry_id>
     </alias>


..../Data/cf-standard-names/81/src/cf-standard-name-table.xml
     <alias id="surface_carbon_dioxide_mole_flux">
       <entry_id>surface_upward_mole_flux_of_carbon_dioxide</entry_id>
       <entry_id>surface_downward_mole_flux_of_carbon_dioxide</entry_id>
     </alias>


..../Data/cf-standard-names/82/src/cf-standard-name-table.xml
     <alias id="surface_carbon_dioxide_mole_flux">
       <entry_id>surface_downward_mole_flux_of_carbon_dioxide</entry_id>
       <entry_id>surface_upward_mole_flux_of_carbon_dioxide</entry_id>
     </alias>


..../Data/cf-standard-names/83/src/cf-standard-name-table.xml
     <alias id="surface_carbon_dioxide_mole_flux">
       <entry_id>surface_downward_mole_flux_of_carbon_dioxide</entry_id>
       <entry_id>surface_upward_mole_flux_of_carbon_dioxide</entry_id>
     </alias>
     <alias id="vertical_drainage_amount_in_soil">
       <entry_id>drainage_amount_through_base_of_soil_model</entry_id>
     </alias>


..../Data/cf-standard-names/84/src/cf-standard-name-table.xml
     <alias id="surface_carbon_dioxide_mole_flux">
       <entry_id>surface_downward_mole_flux_of_carbon_dioxide</entry_id>
       <entry_id>surface_upward_mole_flux_of_carbon_dioxide</entry_id>
     </alias>
     <alias id="eastward_wind_shear">
       <entry_id>upward_derivative_of_eastward_wind</entry_id>
     </alias>
     <alias id="northward_wind_shear">
       <entry_id>upward_derivative_of_northward_wind</entry_id>
     </alias>
     <alias id="vertical_drainage_amount_in_soil">
       <entry_id>drainage_amount_through_base_of_soil_model</entry_id>
     </alias>


