

Data/cf-standard-names/1/src/cf-standard-name-table.xml


Data/cf-standard-names/2/src/cf-standard-name-table.xml


Data/cf-standard-names/3/src/cf-standard-name-table.xml


Data/cf-standard-names/4/src/cf-standard-name-table.xml


Data/cf-standard-names/5/src/cf-standard-name-table.xml


Data/cf-standard-names/6/src/cf-standard-name-table.xml


Data/cf-standard-names/7/src/cf-standard-name-table.xml


Data/cf-standard-names/8/src/cf-standard-name-table.xml


Data/cf-standard-names/9/src/cf-standard-name-table.xml


Data/cf-standard-names/10/src/cf-standard-name-table.xml


Data/cf-standard-names/11/src/cf-standard-name-table.xml


Data/cf-standard-names/12/src/cf-standard-name-table.xml


Data/cf-standard-names/13/src/cf-standard-name-table.xml


Data/cf-standard-names/14/src/cf-standard-name-table.xml


Data/cf-standard-names/15/src/cf-standard-name-table.xml


Data/cf-standard-names/16/src/cf-standard-name-table.xml


Data/cf-standard-names/17/src/cf-standard-name-table.xml
ADDED: air_density  'description'
ADDED: air_pressure  'description'
ADDED: air_pressure_at_freezing_level  'description'
ADDED: atmosphere_heat_diffusivity  'description'
ADDED: atmosphere_momentum_diffusivity  'description'
ADDED: bioluminescent_photon_rate_in_sea_water  'description'
ADDED: convective_rainfall_rate  'description'
ADDED: equivalent_temperature  'description'
ADDED: ertel_potential_vorticity  'description'
ADDED: freezing_temperature_of_sea_water  'description'
ADDED: height_above_sea_floor  'description'
ADDED: kinetic_energy_dissipation_in_atmosphere_boundary_layer  'description'
ADDED: ocean_barotropic_streamfunction  'description'
ADDED: ocean_isopycnal_layer_thickness_diffusivity  'description'
ADDED: ocean_volume  'description'
ADDED: planetary_albedo  'description'
ADDED: pseudo_equivalent_temperature  'description'
ADDED: rainfall_rate  'description'
ADDED: relative_humidity  'description'
ADDED: sea_ice_extent  'description'
ADDED: sea_ice_mass  'description'
ADDED: sea_ice_temperature  'description'
ADDED: sea_ice_thickness  'description'
ADDED: sea_ice_volume  'description'
ADDED: sea_water_electrical_conductivity  'description'
ADDED: sea_water_temperature  'description'
ADDED: snow_density  'description'
ADDED: snow_grain_size  'description'
ADDED: time  'description'
ADDED: tropopause_air_pressure  'description'
ADDED: wet_bulb_temperature  'description'


Data/cf-standard-names/18/src/cf-standard-name-table.xml
ADDED: air_density  'description'
ADDED: air_pressure  'description'
ADDED: air_pressure_at_freezing_level  'description'
ADDED: atmosphere_heat_diffusivity  'description'
ADDED: atmosphere_momentum_diffusivity  'description'
ADDED: bioluminescent_photon_rate_in_sea_water  'description'
ADDED: convective_rainfall_rate  'description'
ADDED: equivalent_temperature  'description'
ADDED: ertel_potential_vorticity  'description'
ADDED: freezing_temperature_of_sea_water  'description'
ADDED: height_above_sea_floor  'description'
ADDED: kinetic_energy_dissipation_in_atmosphere_boundary_layer  'description'
ADDED: number_of_icebergs_per_unit_area  'description'
ADDED: ocean_barotropic_streamfunction  'description'
ADDED: ocean_isopycnal_layer_thickness_diffusivity  'description'
ADDED: ocean_volume  'description'
ADDED: planetary_albedo  'description'
ADDED: pseudo_equivalent_temperature  'description'
ADDED: rainfall_rate  'description'
ADDED: relative_humidity  'description'
ADDED: sea_ice_extent  'description'
ADDED: sea_ice_mass  'description'
ADDED: sea_ice_temperature  'description'
ADDED: sea_ice_thickness  'description'
ADDED: sea_ice_volume  'description'
ADDED: sea_water_electrical_conductivity  'description'
ADDED: sea_water_temperature  'description'
ADDED: snow_density  'description'
ADDED: snow_grain_size  'description'
ADDED: time  'description'
ADDED: tropopause_air_pressure  'description'
ADDED: wet_bulb_temperature  'description'


Data/cf-standard-names/19/src/cf-standard-name-table.xml
ADDED: air_density  'description'
ADDED: air_pressure  'description'
ADDED: air_pressure_at_freezing_level  'description'
ADDED: atmosphere_heat_diffusivity  'description'
ADDED: atmosphere_momentum_diffusivity  'description'
ADDED: bioluminescent_photon_rate_in_sea_water  'description'
ADDED: convective_rainfall_rate  'description'
ADDED: equivalent_temperature  'description'
ADDED: ertel_potential_vorticity  'description'
ADDED: freezing_temperature_of_sea_water  'description'
ADDED: height_above_sea_floor  'description'
ADDED: kinetic_energy_dissipation_in_atmosphere_boundary_layer  'description'
ADDED: number_of_icebergs_per_unit_area  'description'
ADDED: ocean_barotropic_streamfunction  'description'
ADDED: ocean_isopycnal_layer_thickness_diffusivity  'description'
ADDED: ocean_volume  'description'
ADDED: planetary_albedo  'description'
ADDED: pseudo_equivalent_temperature  'description'
ADDED: rainfall_rate  'description'
ADDED: relative_humidity  'description'
ADDED: sea_ice_extent  'description'
ADDED: sea_ice_mass  'description'
ADDED: sea_ice_temperature  'description'
ADDED: sea_ice_thickness  'description'
ADDED: sea_ice_volume  'description'
ADDED: sea_water_electrical_conductivity  'description'
ADDED: snow_density  'description'
ADDED: snow_grain_size  'description'
ADDED: time  'description'
ADDED: tropopause_air_pressure  'description'
ADDED: wet_bulb_temperature  'description'


Data/cf-standard-names/20/src/cf-standard-name-table.xml
ADDED: air_density  'description'
ADDED: air_pressure  'description'
ADDED: air_pressure_at_freezing_level  'description'
ADDED: atmosphere_heat_diffusivity  'description'
ADDED: atmosphere_momentum_diffusivity  'description'
ADDED: bioluminescent_photon_rate_in_sea_water  'description'
ADDED: convective_rainfall_rate  'description'
ADDED: equivalent_temperature  'description'
ADDED: ertel_potential_vorticity  'description'
ADDED: freezing_temperature_of_sea_water  'description'
ADDED: height_above_sea_floor  'description'
ADDED: kinetic_energy_dissipation_in_atmosphere_boundary_layer  'description'
ADDED: number_of_icebergs_per_unit_area  'description'
ADDED: ocean_barotropic_streamfunction  'description'
ADDED: ocean_isopycnal_layer_thickness_diffusivity  'description'
ADDED: ocean_volume  'description'
ADDED: planetary_albedo  'description'
ADDED: pseudo_equivalent_temperature  'description'
ADDED: rainfall_rate  'description'
ADDED: relative_humidity  'description'
ADDED: sea_ice_extent  'description'
ADDED: sea_ice_mass  'description'
ADDED: sea_ice_temperature  'description'
ADDED: sea_ice_thickness  'description'
ADDED: sea_ice_volume  'description'
ADDED: sea_water_electrical_conductivity  'description'
ADDED: snow_density  'description'
ADDED: snow_grain_size  'description'
ADDED: tendency_of_air_temperature_due_to_radiative_heating  'canonical_units'
ADDED: time  'description'
ADDED: tropopause_air_pressure  'description'
ADDED: wet_bulb_temperature  'description'


Data/cf-standard-names/21/src/cf-standard-name-table.xml
ADDED: air_density  'description'
ADDED: air_pressure  'description'
ADDED: air_pressure_at_freezing_level  'description'
ADDED: atmosphere_heat_diffusivity  'description'
ADDED: atmosphere_momentum_diffusivity  'description'
ADDED: bioluminescent_photon_rate_in_sea_water  'description'
ADDED: convective_rainfall_rate  'description'
ADDED: equivalent_temperature  'description'
ADDED: ertel_potential_vorticity  'description'
ADDED: freezing_temperature_of_sea_water  'description'
ADDED: height_above_sea_floor  'description'
ADDED: kinetic_energy_dissipation_in_atmosphere_boundary_layer  'description'
ADDED: land_cover_lccs  'canonical_units'
ADDED: number_of_icebergs_per_unit_area  'description'
ADDED: ocean_barotropic_streamfunction  'description'
ADDED: ocean_isopycnal_layer_thickness_diffusivity  'description'
ADDED: ocean_volume  'description'
ADDED: planetary_albedo  'description'
ADDED: pseudo_equivalent_temperature  'description'
ADDED: rainfall_rate  'description'
ADDED: relative_humidity  'description'
ADDED: sea_ice_extent  'description'
ADDED: sea_ice_mass  'description'
ADDED: sea_ice_temperature  'description'
ADDED: sea_ice_thickness  'description'
ADDED: sea_ice_volume  'description'
ADDED: sea_water_electrical_conductivity  'description'
ADDED: snow_density  'description'
ADDED: snow_grain_size  'description'
ADDED: tendency_of_air_temperature_due_to_radiative_heating  'canonical_units'
ADDED: time  'description'
ADDED: tropopause_air_pressure  'description'
ADDED: wet_bulb_temperature  'description'


Data/cf-standard-names/22/src/cf-standard-name-table.xml
ADDED: air_density  'description'
ADDED: air_pressure  'description'
ADDED: air_pressure_at_freezing_level  'description'
ADDED: atmosphere_heat_diffusivity  'description'
ADDED: atmosphere_momentum_diffusivity  'description'
ADDED: bioluminescent_photon_rate_in_sea_water  'description'
ADDED: convective_rainfall_rate  'description'
ADDED: equivalent_temperature  'description'
ADDED: ertel_potential_vorticity  'description'
ADDED: freezing_temperature_of_sea_water  'description'
ADDED: height_above_sea_floor  'description'
ADDED: kinetic_energy_dissipation_in_atmosphere_boundary_layer  'description'
ADDED: land_cover_lccs  'canonical_units'
ADDED: number_of_icebergs_per_unit_area  'description'
ADDED: ocean_barotropic_streamfunction  'description'
ADDED: ocean_isopycnal_layer_thickness_diffusivity  'description'
ADDED: ocean_volume  'description'
ADDED: planetary_albedo  'description'
ADDED: pseudo_equivalent_temperature  'description'
ADDED: rainfall_rate  'description'
ADDED: relative_humidity  'description'
ADDED: sea_ice_extent  'description'
ADDED: sea_ice_mass  'description'
ADDED: sea_ice_temperature  'description'
ADDED: sea_ice_thickness  'description'
ADDED: sea_ice_volume  'description'
ADDED: sea_water_electrical_conductivity  'description'
ADDED: snow_density  'description'
ADDED: snow_grain_size  'description'
ADDED: tendency_of_air_temperature_due_to_radiative_heating  'canonical_units'
ADDED: time  'description'
ADDED: tropopause_air_pressure  'description'
ADDED: wet_bulb_temperature  'description'


Data/cf-standard-names/23/src/cf-standard-name-table.xml


Data/cf-standard-names/24/src/cf-standard-name-table.xml


Data/cf-standard-names/25/src/cf-standard-name-table.xml


Data/cf-standard-names/26/src/cf-standard-name-table.xml
ADDED: tendency_of_atmosphere_moles_of_methanol  'canonical_units'


Data/cf-standard-names/27/src/cf-standard-name-table.xml


Data/cf-standard-names/28/src/cf-standard-name-table.xml


Data/cf-standard-names/29/src/cf-standard-name-table.xml


Data/cf-standard-names/30/src/cf-standard-name-table.xml


Data/cf-standard-names/31/src/cf-standard-name-table.xml


Data/cf-standard-names/32/src/cf-standard-name-table.xml


Data/cf-standard-names/33/src/cf-standard-name-table.xml


Data/cf-standard-names/34/src/cf-standard-name-table.xml


Data/cf-standard-names/35/src/cf-standard-name-table.xml


Data/cf-standard-names/36/src/cf-standard-name-table.xml


Data/cf-standard-names/37/src/cf-standard-name-table.xml


Data/cf-standard-names/39/src/cf-standard-name-table.xml


Data/cf-standard-names/40/src/cf-standard-name-table.xml


Data/cf-standard-names/41/src/cf-standard-name-table.xml


Data/cf-standard-names/42/src/cf-standard-name-table.xml


Data/cf-standard-names/43/src/cf-standard-name-table.xml


Data/cf-standard-names/44/src/cf-standard-name-table.xml


Data/cf-standard-names/45/src/cf-standard-name-table.xml


Data/cf-standard-names/46/src/cf-standard-name-table.xml


Data/cf-standard-names/47/src/cf-standard-name-table.xml


Data/cf-standard-names/48/src/cf-standard-name-table.xml


Data/cf-standard-names/49/src/cf-standard-name-table.xml


Data/cf-standard-names/50/src/cf-standard-name-table.xml


Data/cf-standard-names/51/src/cf-standard-name-table.xml


Data/cf-standard-names/52/src/cf-standard-name-table.xml


Data/cf-standard-names/53/src/cf-standard-name-table.xml


Data/cf-standard-names/54/src/cf-standard-name-table.xml


Data/cf-standard-names/55/src/cf-standard-name-table.xml


Data/cf-standard-names/56/src/cf-standard-name-table.xml


Data/cf-standard-names/57/src/cf-standard-name-table.xml


Data/cf-standard-names/58/src/cf-standard-name-table.xml


Data/cf-standard-names/59/src/cf-standard-name-table.xml


Data/cf-standard-names/60/src/cf-standard-name-table.xml


Data/cf-standard-names/61/src/cf-standard-name-table.xml


Data/cf-standard-names/62/src/cf-standard-name-table.xml


Data/cf-standard-names/63/src/cf-standard-name-table.xml


Data/cf-standard-names/64/src/cf-standard-name-table.xml


Data/cf-standard-names/65/src/cf-standard-name-table.xml


Data/cf-standard-names/66/src/cf-standard-name-table.xml


Data/cf-standard-names/67/src/cf-standard-name-table.xml


Data/cf-standard-names/68/src/cf-standard-name-table.xml


Data/cf-standard-names/69/src/cf-standard-name-table.xml


Data/cf-standard-names/70/src/cf-standard-name-table.xml


Data/cf-standard-names/71/src/cf-standard-name-table.xml


Data/cf-standard-names/72/src/cf-standard-name-table.xml


Data/cf-standard-names/73/src/cf-standard-name-table.xml


Data/cf-standard-names/74/src/cf-standard-name-table.xml


Data/cf-standard-names/75/src/cf-standard-name-table.xml


Data/cf-standard-names/76/src/cf-standard-name-table.xml


Data/cf-standard-names/77/src/cf-standard-name-table.xml


Data/cf-standard-names/78/src/cf-standard-name-table.xml


Data/cf-standard-names/79/src/cf-standard-name-table.xml


Data/cf-standard-names/80/src/cf-standard-name-table.xml


Data/cf-standard-names/81/src/cf-standard-name-table.xml


Data/cf-standard-names/82/src/cf-standard-name-table.xml


Data/cf-standard-names/83/src/cf-standard-name-table.xml


Data/cf-standard-names/84/src/cf-standard-name-table.xml


