

READING  SAVED ORIGINAL FILE:  /home/a001257/CODE/cf-conventions/cf-convention.github.io/Data/cf-standard-names/1/src/cf-standard-name-table.xml
CHANGED  :  XSD FILE NAME   CFStandardNameTable-1.0.xsd  -->  https://raw.githubusercontent.com/larsbarring/cf-convention.github.io/test-all-issue-457/Data/schema-files/cf-standard-name-table-2.0.xsd
ADDED    :  DATETIME in version 1
CHANGED  :  'last_modified'  -->  'first_published_date'
ADDED    :  MODIFIED DATE


READING  SAVED ORIGINAL FILE:  /home/a001257/CODE/cf-conventions/cf-convention.github.io/Data/cf-standard-names/2/src/cf-standard-name-table.xml
CHANGED  :  XSD FILE NAME   CFStandardNameTable-1.1.xsd  -->  https://raw.githubusercontent.com/larsbarring/cf-convention.github.io/test-all-issue-457/Data/schema-files/cf-standard-name-table-2.0.xsd
CHANGED  :  'last_modified'  -->  'first_published_date'
ADDED    :  MODIFIED DATE


READING  SAVED ORIGINAL FILE:  /home/a001257/CODE/cf-conventions/cf-convention.github.io/Data/cf-standard-names/3/src/cf-standard-name-table.xml
CHANGED  :  XSD FILE NAME   CFStandardNameTable-1.1.xsd  -->  https://raw.githubusercontent.com/larsbarring/cf-convention.github.io/test-all-issue-457/Data/schema-files/cf-standard-name-table-2.0.xsd
CHANGED  :  'last_modified'  -->  'first_published_date'
ADDED    :  MODIFIED DATE


READING  SAVED ORIGINAL FILE:  /home/a001257/CODE/cf-conventions/cf-convention.github.io/Data/cf-standard-names/4/src/cf-standard-name-table.xml
CHANGED  :  XSD FILE NAME   CFStandardNameTable-1.1.xsd  -->  https://raw.githubusercontent.com/larsbarring/cf-convention.github.io/test-all-issue-457/Data/schema-files/cf-standard-name-table-2.0.xsd
CHANGED  :  'last_modified'  -->  'first_published_date'
ADDED    :  MODIFIED DATE


READING  SAVED ORIGINAL FILE:  /home/a001257/CODE/cf-conventions/cf-convention.github.io/Data/cf-standard-names/5/src/cf-standard-name-table.xml
CHANGED  :  XSD FILE NAME   CFStandardNameTable-1.1.xsd  -->  https://raw.githubusercontent.com/larsbarring/cf-convention.github.io/test-all-issue-457/Data/schema-files/cf-standard-name-table-2.0.xsd
CHANGED  :  'last_modified'  -->  'first_published_date'
ADDED    :  MODIFIED DATE


READING  SAVED ORIGINAL FILE:  /home/a001257/CODE/cf-conventions/cf-convention.github.io/Data/cf-standard-names/6/src/cf-standard-name-table.xml
CHANGED  :  XSD FILE NAME   CFStandardNameTable-1.1.xsd  -->  https://raw.githubusercontent.com/larsbarring/cf-convention.github.io/test-all-issue-457/Data/schema-files/cf-standard-name-table-2.0.xsd
CHANGED  :  'last_modified'  -->  'first_published_date'
ADDED    :  MODIFIED DATE


READING  SAVED ORIGINAL FILE:  /home/a001257/CODE/cf-conventions/cf-convention.github.io/Data/cf-standard-names/7/src/cf-standard-name-table.xml
CHANGED  :  XSD FILE NAME   CFStandardNameTable-1.1.xsd  -->  https://raw.githubusercontent.com/larsbarring/cf-convention.github.io/test-all-issue-457/Data/schema-files/cf-standard-name-table-2.0.xsd
CHANGED  :  'last_modified'  -->  'first_published_date'
ADDED    :  MODIFIED DATE


READING  SAVED ORIGINAL FILE:  /home/a001257/CODE/cf-conventions/cf-convention.github.io/Data/cf-standard-names/8/src/cf-standard-name-table.xml
CHANGED  :  XSD FILE NAME   CFStandardNameTable-1.1.xsd  -->  https://raw.githubusercontent.com/larsbarring/cf-convention.github.io/test-all-issue-457/Data/schema-files/cf-standard-name-table-2.0.xsd
CHANGED  :  'last_modified'  -->  'first_published_date'
ADDED    :  MODIFIED DATE


READING  SAVED ORIGINAL FILE:  /home/a001257/CODE/cf-conventions/cf-convention.github.io/Data/cf-standard-names/9/src/cf-standard-name-table.xml
CHANGED  :  XSD FILE NAME   CFStandardNameTable-1.1.xsd  -->  https://raw.githubusercontent.com/larsbarring/cf-convention.github.io/test-all-issue-457/Data/schema-files/cf-standard-name-table-2.0.xsd
CHANGED  :  'last_modified'  -->  'first_published_date'
ADDED    :  MODIFIED DATE


READING  SAVED ORIGINAL FILE:  /home/a001257/CODE/cf-conventions/cf-convention.github.io/Data/cf-standard-names/10/src/cf-standard-name-table.xml
CHANGED  :  XSD FILE NAME   CFStandardNameTable-1.1.xsd  -->  https://raw.githubusercontent.com/larsbarring/cf-convention.github.io/test-all-issue-457/Data/schema-files/cf-standard-name-table-2.0.xsd
CHANGED  :  'last_modified'  -->  'first_published_date'
ADDED    :  MODIFIED DATE


READING  SAVED ORIGINAL FILE:  /home/a001257/CODE/cf-conventions/cf-convention.github.io/Data/cf-standard-names/11/src/cf-standard-name-table.xml
CHANGED  :  XSD FILE NAME   CFStandardNameTable-1.1.xsd  -->  https://raw.githubusercontent.com/larsbarring/cf-convention.github.io/test-all-issue-457/Data/schema-files/cf-standard-name-table-2.0.xsd
CHANGED  :  'last_modified'  -->  'first_published_date'
ADDED    :  MODIFIED DATE


READING  SAVED ORIGINAL FILE:  /home/a001257/CODE/cf-conventions/cf-convention.github.io/Data/cf-standard-names/12/src/cf-standard-name-table.xml
CHANGED  :  XSD FILE NAME   CFStandardNameTable-1.1.xsd  -->  https://raw.githubusercontent.com/larsbarring/cf-convention.github.io/test-all-issue-457/Data/schema-files/cf-standard-name-table-2.0.xsd
FIXED    :  Removed first duplicate of 'sea_surface_height_above_reference_ellipsoid'
CHANGED  :  'last_modified'  -->  'first_published_date'
ADDED    :  MODIFIED DATE


READING  SAVED ORIGINAL FILE:  /home/a001257/CODE/cf-conventions/cf-convention.github.io/Data/cf-standard-names/13/src/cf-standard-name-table.xml
CHANGED  :  XSD FILE NAME   CFStandardNameTable-1.1.xsd  -->  https://raw.githubusercontent.com/larsbarring/cf-convention.github.io/test-all-issue-457/Data/schema-files/cf-standard-name-table-2.0.xsd
CHANGED  :  'last_modified'  -->  'first_published_date'
ADDED    :  MODIFIED DATE


READING  SAVED ORIGINAL FILE:  /home/a001257/CODE/cf-conventions/cf-convention.github.io/Data/cf-standard-names/14/src/cf-standard-name-table.xml
CHANGED  :  XSD FILE NAME   CFStandardNameTable-1.1.xsd  -->  https://raw.githubusercontent.com/larsbarring/cf-convention.github.io/test-all-issue-457/Data/schema-files/cf-standard-name-table-2.0.xsd
CHANGED  :  'last_modified'  -->  'first_published_date'
ADDED    :  MODIFIED DATE


READING  SAVED ORIGINAL FILE:  /home/a001257/CODE/cf-conventions/cf-convention.github.io/Data/cf-standard-names/15/src/cf-standard-name-table.xml
CHANGED  :  XSD FILE NAME   CFStandardNameTable-1.1.xsd  -->  https://raw.githubusercontent.com/larsbarring/cf-convention.github.io/test-all-issue-457/Data/schema-files/cf-standard-name-table-2.0.xsd
CHANGED  :  'last_modified'  -->  'first_published_date'
ADDED    :  MODIFIED DATE


READING  SAVED ORIGINAL FILE:  /home/a001257/CODE/cf-conventions/cf-convention.github.io/Data/cf-standard-names/16/src/cf-standard-name-table.xml
CHANGED  :  XSD FILE NAME   CFStandardNameTable-1.1.xsd  -->  https://raw.githubusercontent.com/larsbarring/cf-convention.github.io/test-all-issue-457/Data/schema-files/cf-standard-name-table-2.0.xsd
CHANGED  :  'last_modified'  -->  'first_published_date'
ADDED    :  MODIFIED DATE


READING  SAVED ORIGINAL FILE:  /home/a001257/CODE/cf-conventions/cf-convention.github.io/Data/cf-standard-names/17/src/cf-standard-name-table.xml
ADDED    :  '<?xml ...>
CHANGED  :  XSD FILE NAME   cf-standard-name-table-1.1.xsd  -->  https://raw.githubusercontent.com/larsbarring/cf-convention.github.io/test-all-issue-457/Data/schema-files/cf-standard-name-table-2.0.xsd
CHANGED  :  'last_modified'  -->  'first_published_date'
ADDED    :  MODIFIED DATE


READING  SAVED ORIGINAL FILE:  /home/a001257/CODE/cf-conventions/cf-convention.github.io/Data/cf-standard-names/18/src/cf-standard-name-table.xml
ADDED    :  '<?xml ...>
CHANGED  :  XSD FILE NAME   cf-standard-name-table-1.1.xsd  -->  https://raw.githubusercontent.com/larsbarring/cf-convention.github.io/test-all-issue-457/Data/schema-files/cf-standard-name-table-2.0.xsd
CHANGED  :  'last_modified'  -->  'first_published_date'
ADDED    :  MODIFIED DATE


READING  SAVED ORIGINAL FILE:  /home/a001257/CODE/cf-conventions/cf-convention.github.io/Data/cf-standard-names/19/src/cf-standard-name-table.xml
ADDED    :  '<?xml ...>
CHANGED  :  XSD FILE NAME   cf-standard-name-table-1.1.xsd  -->  https://raw.githubusercontent.com/larsbarring/cf-convention.github.io/test-all-issue-457/Data/schema-files/cf-standard-name-table-2.0.xsd
CHANGED  :  'last_modified'  -->  'first_published_date'
ADDED    :  MODIFIED DATE


READING  SAVED ORIGINAL FILE:  /home/a001257/CODE/cf-conventions/cf-convention.github.io/Data/cf-standard-names/20/src/cf-standard-name-table.xml
ADDED    :  '<?xml ...>
CHANGED  :  XSD FILE NAME   cf-standard-name-table-1.1.xsd  -->  https://raw.githubusercontent.com/larsbarring/cf-convention.github.io/test-all-issue-457/Data/schema-files/cf-standard-name-table-2.0.xsd
CHANGED  :  'last_modified'  -->  'first_published_date'
ADDED    :  MODIFIED DATE


READING  SAVED ORIGINAL FILE:  /home/a001257/CODE/cf-conventions/cf-convention.github.io/Data/cf-standard-names/21/src/cf-standard-name-table.xml
CHANGED  :  XSD FILE NAME   cf-standard-name-table-1.1.xsd  -->  https://raw.githubusercontent.com/larsbarring/cf-convention.github.io/test-all-issue-457/Data/schema-files/cf-standard-name-table-2.0.xsd
CHANGED  :  'last_modified'  -->  'first_published_date'
ADDED    :  MODIFIED DATE


READING  SAVED ORIGINAL FILE:  /home/a001257/CODE/cf-conventions/cf-convention.github.io/Data/cf-standard-names/22/src/cf-standard-name-table.xml
CHANGED  :  XSD FILE NAME   cf-standard-name-table-1.1.xsd  -->  https://raw.githubusercontent.com/larsbarring/cf-convention.github.io/test-all-issue-457/Data/schema-files/cf-standard-name-table-2.0.xsd
CHANGED  :  'last_modified'  -->  'first_published_date'
ADDED    :  MODIFIED DATE


READING  SAVED ORIGINAL FILE:  /home/a001257/CODE/cf-conventions/cf-convention.github.io/Data/cf-standard-names/23/src/cf-standard-name-table.xml
CHANGED  :  XSD FILE NAME   cf-standard-name-table-1.1.xsd  -->  https://raw.githubusercontent.com/larsbarring/cf-convention.github.io/test-all-issue-457/Data/schema-files/cf-standard-name-table-2.0.xsd
CHANGED  :  'last_modified'  -->  'first_published_date'
ADDED    :  MODIFIED DATE


READING  SAVED ORIGINAL FILE:  /home/a001257/CODE/cf-conventions/cf-convention.github.io/Data/cf-standard-names/24/src/cf-standard-name-table.xml
CHANGED  :  XSD FILE NAME   cf-standard-name-table-1.1.xsd  -->  https://raw.githubusercontent.com/larsbarring/cf-convention.github.io/test-all-issue-457/Data/schema-files/cf-standard-name-table-2.0.xsd
CHANGED  :  'last_modified'  -->  'first_published_date'
ADDED    :  MODIFIED DATE


READING  SAVED ORIGINAL FILE:  /home/a001257/CODE/cf-conventions/cf-convention.github.io/Data/cf-standard-names/25/src/cf-standard-name-table.xml
CHANGED  :  XSD FILE NAME   cf-standard-name-table-1.1.xsd  -->  https://raw.githubusercontent.com/larsbarring/cf-convention.github.io/test-all-issue-457/Data/schema-files/cf-standard-name-table-2.0.xsd
CHANGED  :  'last_modified'  -->  'first_published_date'
ADDED    :  MODIFIED DATE


READING  SAVED ORIGINAL FILE:  /home/a001257/CODE/cf-conventions/cf-convention.github.io/Data/cf-standard-names/26/src/cf-standard-name-table.xml
CHANGED  :  XSD FILE NAME   cf-standard-name-table-1.1.xsd  -->  https://raw.githubusercontent.com/larsbarring/cf-convention.github.io/test-all-issue-457/Data/schema-files/cf-standard-name-table-2.0.xsd
CHANGED  :  'last_modified'  -->  'first_published_date'
ADDED    :  MODIFIED DATE


READING  SAVED ORIGINAL FILE:  /home/a001257/CODE/cf-conventions/cf-convention.github.io/Data/cf-standard-names/27/src/cf-standard-name-table.xml
CHANGED  :  XSD FILE NAME   cf-standard-name-table-1.1.xsd  -->  https://raw.githubusercontent.com/larsbarring/cf-convention.github.io/test-all-issue-457/Data/schema-files/cf-standard-name-table-2.0.xsd
CHANGED  :  'last_modified'  -->  'first_published_date'
ADDED    :  MODIFIED DATE


READING  SAVED ORIGINAL FILE:  /home/a001257/CODE/cf-conventions/cf-convention.github.io/Data/cf-standard-names/28/src/cf-standard-name-table.xml
CHANGED  :  XSD FILE NAME   cf-standard-name-table-1.1.xsd  -->  https://raw.githubusercontent.com/larsbarring/cf-convention.github.io/test-all-issue-457/Data/schema-files/cf-standard-name-table-2.0.xsd
CHANGED  :  'last_modified'  -->  'first_published_date'
ADDED    :  MODIFIED DATE


READING  SAVED ORIGINAL FILE:  /home/a001257/CODE/cf-conventions/cf-convention.github.io/Data/cf-standard-names/29/src/cf-standard-name-table.xml
CHANGED  :  XSD FILE NAME   cf-standard-name-table-1.1.xsd  -->  https://raw.githubusercontent.com/larsbarring/cf-convention.github.io/test-all-issue-457/Data/schema-files/cf-standard-name-table-2.0.xsd
CHANGED  :  'last_modified'  -->  'first_published_date'
ADDED    :  MODIFIED DATE


READING  SAVED ORIGINAL FILE:  /home/a001257/CODE/cf-conventions/cf-convention.github.io/Data/cf-standard-names/30/src/cf-standard-name-table.xml
CHANGED  :  XSD FILE NAME   cf-standard-name-table-1.1.xsd  -->  https://raw.githubusercontent.com/larsbarring/cf-convention.github.io/test-all-issue-457/Data/schema-files/cf-standard-name-table-2.0.xsd
CHANGED  :  'last_modified'  -->  'first_published_date'
ADDED    :  MODIFIED DATE


READING  SAVED ORIGINAL FILE:  /home/a001257/CODE/cf-conventions/cf-convention.github.io/Data/cf-standard-names/31/src/cf-standard-name-table.xml
CHANGED  :  XSD FILE NAME   cf-standard-name-table-1.1.xsd  -->  https://raw.githubusercontent.com/larsbarring/cf-convention.github.io/test-all-issue-457/Data/schema-files/cf-standard-name-table-2.0.xsd
CHANGED  :  'last_modified'  -->  'first_published_date'
ADDED    :  MODIFIED DATE


READING  SAVED ORIGINAL FILE:  /home/a001257/CODE/cf-conventions/cf-convention.github.io/Data/cf-standard-names/32/src/cf-standard-name-table.xml
CHANGED  :  XSD FILE NAME   cf-standard-name-table-1.1.xsd  -->  https://raw.githubusercontent.com/larsbarring/cf-convention.github.io/test-all-issue-457/Data/schema-files/cf-standard-name-table-2.0.xsd
CHANGED  :  'last_modified'  -->  'first_published_date'
ADDED    :  MODIFIED DATE


READING  SAVED ORIGINAL FILE:  /home/a001257/CODE/cf-conventions/cf-convention.github.io/Data/cf-standard-names/33/src/cf-standard-name-table.xml
CHANGED  :  XSD FILE NAME   cf-standard-name-table-1.1.xsd  -->  https://raw.githubusercontent.com/larsbarring/cf-convention.github.io/test-all-issue-457/Data/schema-files/cf-standard-name-table-2.0.xsd
CHANGED  :  'last_modified'  -->  'first_published_date'
ADDED    :  MODIFIED DATE


READING  SAVED ORIGINAL FILE:  /home/a001257/CODE/cf-conventions/cf-convention.github.io/Data/cf-standard-names/34/src/cf-standard-name-table.xml
CHANGED  :  XSD FILE NAME   cf-standard-name-table-1.1.xsd  -->  https://raw.githubusercontent.com/larsbarring/cf-convention.github.io/test-all-issue-457/Data/schema-files/cf-standard-name-table-2.0.xsd
CHANGED  :  'last_modified'  -->  'first_published_date'
ADDED    :  MODIFIED DATE


READING  SAVED ORIGINAL FILE:  /home/a001257/CODE/cf-conventions/cf-convention.github.io/Data/cf-standard-names/35/src/cf-standard-name-table.xml
CHANGED  :  XSD FILE NAME   cf-standard-name-table-1.1.xsd  -->  https://raw.githubusercontent.com/larsbarring/cf-convention.github.io/test-all-issue-457/Data/schema-files/cf-standard-name-table-2.0.xsd
CHANGED  :  'last_modified'  -->  'first_published_date'
ADDED    :  MODIFIED DATE


READING  SAVED ORIGINAL FILE:  /home/a001257/CODE/cf-conventions/cf-convention.github.io/Data/cf-standard-names/36/src/cf-standard-name-table.xml
CHANGED  :  XSD FILE NAME   cf-standard-name-table-1.1.xsd  -->  https://raw.githubusercontent.com/larsbarring/cf-convention.github.io/test-all-issue-457/Data/schema-files/cf-standard-name-table-2.0.xsd
CHANGED  :  'last_modified'  -->  'first_published_date'
ADDED    :  MODIFIED DATE


READING  SAVED ORIGINAL FILE:  /home/a001257/CODE/cf-conventions/cf-convention.github.io/Data/cf-standard-names/37/src/cf-standard-name-table.xml
CHANGED  :  XSD FILE NAME   cf-standard-name-table-1.1.xsd  -->  https://raw.githubusercontent.com/larsbarring/cf-convention.github.io/test-all-issue-457/Data/schema-files/cf-standard-name-table-2.0.xsd
CHANGED  :  'last_modified'  -->  'first_published_date'
ADDED    :  MODIFIED DATE


READING  SAVED ORIGINAL FILE:  /home/a001257/CODE/cf-conventions/cf-convention.github.io/Data/cf-standard-names/39/src/cf-standard-name-table.xml
CHANGED  :  XSD FILE NAME   cf-standard-name-table-1.1.xsd  -->  https://raw.githubusercontent.com/larsbarring/cf-convention.github.io/test-all-issue-457/Data/schema-files/cf-standard-name-table-2.0.xsd
CHANGED  :  'last_modified'  -->  'first_published_date'
ADDED    :  MODIFIED DATE


READING  SAVED ORIGINAL FILE:  /home/a001257/CODE/cf-conventions/cf-convention.github.io/Data/cf-standard-names/40/src/cf-standard-name-table.xml
CHANGED  :  XSD FILE NAME   cf-standard-name-table-1.1.xsd  -->  https://raw.githubusercontent.com/larsbarring/cf-convention.github.io/test-all-issue-457/Data/schema-files/cf-standard-name-table-2.0.xsd
CHANGED  :  'last_modified'  -->  'first_published_date'
ADDED    :  MODIFIED DATE


READING  SAVED ORIGINAL FILE:  /home/a001257/CODE/cf-conventions/cf-convention.github.io/Data/cf-standard-names/41/src/cf-standard-name-table.xml
CHANGED  :  XSD FILE NAME   cf-standard-name-table-1.1.xsd  -->  https://raw.githubusercontent.com/larsbarring/cf-convention.github.io/test-all-issue-457/Data/schema-files/cf-standard-name-table-2.0.xsd
CHANGED  :  'last_modified'  -->  'first_published_date'
ADDED    :  MODIFIED DATE


READING  SAVED ORIGINAL FILE:  /home/a001257/CODE/cf-conventions/cf-convention.github.io/Data/cf-standard-names/42/src/cf-standard-name-table.xml
CHANGED  :  XSD FILE NAME   cf-standard-name-table-1.1.xsd  -->  https://raw.githubusercontent.com/larsbarring/cf-convention.github.io/test-all-issue-457/Data/schema-files/cf-standard-name-table-2.0.xsd
CHANGED  :  'last_modified'  -->  'first_published_date'
ADDED    :  MODIFIED DATE


READING  SAVED ORIGINAL FILE:  /home/a001257/CODE/cf-conventions/cf-convention.github.io/Data/cf-standard-names/43/src/cf-standard-name-table.xml
CHANGED  :  XSD FILE NAME   cf-standard-name-table-1.1.xsd  -->  https://raw.githubusercontent.com/larsbarring/cf-convention.github.io/test-all-issue-457/Data/schema-files/cf-standard-name-table-2.0.xsd
CHANGED  :  'last_modified'  -->  'first_published_date'
ADDED    :  MODIFIED DATE


READING  SAVED ORIGINAL FILE:  /home/a001257/CODE/cf-conventions/cf-convention.github.io/Data/cf-standard-names/44/src/cf-standard-name-table.xml
CHANGED  :  XSD FILE NAME   cf-standard-name-table-1.1.xsd  -->  https://raw.githubusercontent.com/larsbarring/cf-convention.github.io/test-all-issue-457/Data/schema-files/cf-standard-name-table-2.0.xsd
CHANGED  :  'last_modified'  -->  'first_published_date'
ADDED    :  MODIFIED DATE


READING  SAVED ORIGINAL FILE:  /home/a001257/CODE/cf-conventions/cf-convention.github.io/Data/cf-standard-names/45/src/cf-standard-name-table.xml
CHANGED  :  XSD FILE NAME   cf-standard-name-table-1.1.xsd  -->  https://raw.githubusercontent.com/larsbarring/cf-convention.github.io/test-all-issue-457/Data/schema-files/cf-standard-name-table-2.0.xsd
CHANGED  :  'last_modified'  -->  'first_published_date'
ADDED    :  MODIFIED DATE


READING  SAVED ORIGINAL FILE:  /home/a001257/CODE/cf-conventions/cf-convention.github.io/Data/cf-standard-names/46/src/cf-standard-name-table.xml
CHANGED  :  XSD FILE NAME   cf-standard-name-table-1.1.xsd  -->  https://raw.githubusercontent.com/larsbarring/cf-convention.github.io/test-all-issue-457/Data/schema-files/cf-standard-name-table-2.0.xsd
CHANGED  :  'last_modified'  -->  'first_published_date'
ADDED    :  MODIFIED DATE


READING  SAVED ORIGINAL FILE:  /home/a001257/CODE/cf-conventions/cf-convention.github.io/Data/cf-standard-names/47/src/cf-standard-name-table.xml
CHANGED  :  XSD FILE NAME   cf-standard-name-table-1.1.xsd  -->  https://raw.githubusercontent.com/larsbarring/cf-convention.github.io/test-all-issue-457/Data/schema-files/cf-standard-name-table-2.0.xsd
CHANGED  :  'last_modified'  -->  'first_published_date'
ADDED    :  MODIFIED DATE


READING  SAVED ORIGINAL FILE:  /home/a001257/CODE/cf-conventions/cf-convention.github.io/Data/cf-standard-names/48/src/cf-standard-name-table.xml
CHANGED  :  XSD FILE NAME   cf-standard-name-table-1.1.xsd  -->  https://raw.githubusercontent.com/larsbarring/cf-convention.github.io/test-all-issue-457/Data/schema-files/cf-standard-name-table-2.0.xsd
CHANGED  :  'last_modified'  -->  'first_published_date'
ADDED    :  MODIFIED DATE


READING  SAVED ORIGINAL FILE:  /home/a001257/CODE/cf-conventions/cf-convention.github.io/Data/cf-standard-names/49/src/cf-standard-name-table.xml
CHANGED  :  XSD FILE NAME   cf-standard-name-table-1.1.xsd  -->  https://raw.githubusercontent.com/larsbarring/cf-convention.github.io/test-all-issue-457/Data/schema-files/cf-standard-name-table-2.0.xsd
CHANGED  :  'last_modified'  -->  'first_published_date'
ADDED    :  MODIFIED DATE


READING  SAVED ORIGINAL FILE:  /home/a001257/CODE/cf-conventions/cf-convention.github.io/Data/cf-standard-names/50/src/cf-standard-name-table.xml
CHANGED  :  XSD FILE NAME   cf-standard-name-table-1.1.xsd  -->  https://raw.githubusercontent.com/larsbarring/cf-convention.github.io/test-all-issue-457/Data/schema-files/cf-standard-name-table-2.0.xsd
CHANGED  :  'last_modified'  -->  'first_published_date'
ADDED    :  MODIFIED DATE


READING  SAVED ORIGINAL FILE:  /home/a001257/CODE/cf-conventions/cf-convention.github.io/Data/cf-standard-names/51/src/cf-standard-name-table.xml
CHANGED  :  XSD FILE NAME   cf-standard-name-table-1.1.xsd  -->  https://raw.githubusercontent.com/larsbarring/cf-convention.github.io/test-all-issue-457/Data/schema-files/cf-standard-name-table-2.0.xsd
CHANGED  :  'last_modified'  -->  'first_published_date'
ADDED    :  MODIFIED DATE


READING  SAVED ORIGINAL FILE:  /home/a001257/CODE/cf-conventions/cf-convention.github.io/Data/cf-standard-names/52/src/cf-standard-name-table.xml
CHANGED  :  XSD FILE NAME   cf-standard-name-table-1.1.xsd  -->  https://raw.githubusercontent.com/larsbarring/cf-convention.github.io/test-all-issue-457/Data/schema-files/cf-standard-name-table-2.0.xsd
CHANGED  :  'last_modified'  -->  'first_published_date'
ADDED    :  MODIFIED DATE


READING  SAVED ORIGINAL FILE:  /home/a001257/CODE/cf-conventions/cf-convention.github.io/Data/cf-standard-names/53/src/cf-standard-name-table.xml
CHANGED  :  XSD FILE NAME   cf-standard-name-table-1.1.xsd  -->  https://raw.githubusercontent.com/larsbarring/cf-convention.github.io/test-all-issue-457/Data/schema-files/cf-standard-name-table-2.0.xsd
CHANGED  :  'last_modified'  -->  'first_published_date'
ADDED    :  MODIFIED DATE


READING  SAVED ORIGINAL FILE:  /home/a001257/CODE/cf-conventions/cf-convention.github.io/Data/cf-standard-names/54/src/cf-standard-name-table.xml
CHANGED  :  XSD FILE NAME   cf-standard-name-table-1.1.xsd  -->  https://raw.githubusercontent.com/larsbarring/cf-convention.github.io/test-all-issue-457/Data/schema-files/cf-standard-name-table-2.0.xsd
CHANGED  :  'last_modified'  -->  'first_published_date'
ADDED    :  MODIFIED DATE


READING  SAVED ORIGINAL FILE:  /home/a001257/CODE/cf-conventions/cf-convention.github.io/Data/cf-standard-names/55/src/cf-standard-name-table.xml
CHANGED  :  XSD FILE NAME   cf-standard-name-table-1.1.xsd  -->  https://raw.githubusercontent.com/larsbarring/cf-convention.github.io/test-all-issue-457/Data/schema-files/cf-standard-name-table-2.0.xsd
CHANGED  :  'last_modified'  -->  'first_published_date'
ADDED    :  MODIFIED DATE


READING  SAVED ORIGINAL FILE:  /home/a001257/CODE/cf-conventions/cf-convention.github.io/Data/cf-standard-names/56/src/cf-standard-name-table.xml
CHANGED  :  XSD FILE NAME   cf-standard-name-table-1.1.xsd  -->  https://raw.githubusercontent.com/larsbarring/cf-convention.github.io/test-all-issue-457/Data/schema-files/cf-standard-name-table-2.0.xsd
CHANGED  :  'last_modified'  -->  'first_published_date'
ADDED    :  MODIFIED DATE


READING  SAVED ORIGINAL FILE:  /home/a001257/CODE/cf-conventions/cf-convention.github.io/Data/cf-standard-names/57/src/cf-standard-name-table.xml
CHANGED  :  XSD FILE NAME   cf-standard-name-table-1.1.xsd  -->  https://raw.githubusercontent.com/larsbarring/cf-convention.github.io/test-all-issue-457/Data/schema-files/cf-standard-name-table-2.0.xsd
CHANGED  :  'last_modified'  -->  'first_published_date'
ADDED    :  MODIFIED DATE


READING  SAVED ORIGINAL FILE:  /home/a001257/CODE/cf-conventions/cf-convention.github.io/Data/cf-standard-names/58/src/cf-standard-name-table.xml
CHANGED  :  XSD FILE NAME   cf-standard-name-table-1.1.xsd  -->  https://raw.githubusercontent.com/larsbarring/cf-convention.github.io/test-all-issue-457/Data/schema-files/cf-standard-name-table-2.0.xsd
CHANGED  :  'last_modified'  -->  'first_published_date'
ADDED    :  MODIFIED DATE


READING  SAVED ORIGINAL FILE:  /home/a001257/CODE/cf-conventions/cf-convention.github.io/Data/cf-standard-names/59/src/cf-standard-name-table.xml
CHANGED  :  XSD FILE NAME   cf-standard-name-table-1.1.xsd  -->  https://raw.githubusercontent.com/larsbarring/cf-convention.github.io/test-all-issue-457/Data/schema-files/cf-standard-name-table-2.0.xsd
CHANGED  :  'last_modified'  -->  'first_published_date'
ADDED    :  MODIFIED DATE


READING  SAVED ORIGINAL FILE:  /home/a001257/CODE/cf-conventions/cf-convention.github.io/Data/cf-standard-names/60/src/cf-standard-name-table.xml
CHANGED  :  XSD FILE NAME   cf-standard-name-table-1.1.xsd  -->  https://raw.githubusercontent.com/larsbarring/cf-convention.github.io/test-all-issue-457/Data/schema-files/cf-standard-name-table-2.0.xsd
CHANGED  :  'last_modified'  -->  'first_published_date'
ADDED    :  MODIFIED DATE


READING  SAVED ORIGINAL FILE:  /home/a001257/CODE/cf-conventions/cf-convention.github.io/Data/cf-standard-names/61/src/cf-standard-name-table.xml
CHANGED  :  XSD FILE NAME   cf-standard-name-table-1.1.xsd  -->  https://raw.githubusercontent.com/larsbarring/cf-convention.github.io/test-all-issue-457/Data/schema-files/cf-standard-name-table-2.0.xsd
CHANGED  :  'last_modified'  -->  'first_published_date'
ADDED    :  MODIFIED DATE


READING  SAVED ORIGINAL FILE:  /home/a001257/CODE/cf-conventions/cf-convention.github.io/Data/cf-standard-names/62/src/cf-standard-name-table.xml
CHANGED  :  XSD FILE NAME   cf-standard-name-table-1.1.xsd  -->  https://raw.githubusercontent.com/larsbarring/cf-convention.github.io/test-all-issue-457/Data/schema-files/cf-standard-name-table-2.0.xsd
CHANGED  :  'last_modified'  -->  'first_published_date'
ADDED    :  MODIFIED DATE


READING  SAVED ORIGINAL FILE:  /home/a001257/CODE/cf-conventions/cf-convention.github.io/Data/cf-standard-names/63/src/cf-standard-name-table.xml
CHANGED  :  XSD FILE NAME   cf-standard-name-table-1.1.xsd  -->  https://raw.githubusercontent.com/larsbarring/cf-convention.github.io/test-all-issue-457/Data/schema-files/cf-standard-name-table-2.0.xsd
CHANGED  :  'last_modified'  -->  'first_published_date'
ADDED    :  MODIFIED DATE


READING  SAVED ORIGINAL FILE:  /home/a001257/CODE/cf-conventions/cf-convention.github.io/Data/cf-standard-names/64/src/cf-standard-name-table.xml
CHANGED  :  XSD FILE NAME   cf-standard-name-table-1.1.xsd  -->  https://raw.githubusercontent.com/larsbarring/cf-convention.github.io/test-all-issue-457/Data/schema-files/cf-standard-name-table-2.0.xsd
CHANGED  :  'last_modified'  -->  'first_published_date'
ADDED    :  MODIFIED DATE


READING  SAVED ORIGINAL FILE:  /home/a001257/CODE/cf-conventions/cf-convention.github.io/Data/cf-standard-names/65/src/cf-standard-name-table.xml
CHANGED  :  XSD FILE NAME   cf-standard-name-table-1.1.xsd  -->  https://raw.githubusercontent.com/larsbarring/cf-convention.github.io/test-all-issue-457/Data/schema-files/cf-standard-name-table-2.0.xsd
CHANGED  :  'last_modified'  -->  'first_published_date'
ADDED    :  MODIFIED DATE


READING  SAVED ORIGINAL FILE:  /home/a001257/CODE/cf-conventions/cf-convention.github.io/Data/cf-standard-names/66/src/cf-standard-name-table.xml
CHANGED  :  XSD FILE NAME   cf-standard-name-table-1.1.xsd  -->  https://raw.githubusercontent.com/larsbarring/cf-convention.github.io/test-all-issue-457/Data/schema-files/cf-standard-name-table-2.0.xsd
CHANGED  :  'last_modified'  -->  'first_published_date'
ADDED    :  MODIFIED DATE


READING  SAVED ORIGINAL FILE:  /home/a001257/CODE/cf-conventions/cf-convention.github.io/Data/cf-standard-names/67/src/cf-standard-name-table.xml
CHANGED  :  XSD FILE NAME   cf-standard-name-table-1.1.xsd  -->  https://raw.githubusercontent.com/larsbarring/cf-convention.github.io/test-all-issue-457/Data/schema-files/cf-standard-name-table-2.0.xsd
CHANGED  :  'last_modified'  -->  'first_published_date'
ADDED    :  MODIFIED DATE


READING  SAVED ORIGINAL FILE:  /home/a001257/CODE/cf-conventions/cf-convention.github.io/Data/cf-standard-names/68/src/cf-standard-name-table.xml
CHANGED  :  XSD FILE NAME   cf-standard-name-table-1.1.xsd  -->  https://raw.githubusercontent.com/larsbarring/cf-convention.github.io/test-all-issue-457/Data/schema-files/cf-standard-name-table-2.0.xsd
CHANGED  :  'last_modified'  -->  'first_published_date'
ADDED    :  MODIFIED DATE


READING  SAVED ORIGINAL FILE:  /home/a001257/CODE/cf-conventions/cf-convention.github.io/Data/cf-standard-names/69/src/cf-standard-name-table.xml
CHANGED  :  XSD FILE NAME   cf-standard-name-table-1.1.xsd  -->  https://raw.githubusercontent.com/larsbarring/cf-convention.github.io/test-all-issue-457/Data/schema-files/cf-standard-name-table-2.0.xsd
CHANGED  :  'last_modified'  -->  'first_published_date'
ADDED    :  MODIFIED DATE


READING  SAVED ORIGINAL FILE:  /home/a001257/CODE/cf-conventions/cf-convention.github.io/Data/cf-standard-names/70/src/cf-standard-name-table.xml
CHANGED  :  XSD FILE NAME   cf-standard-name-table-1.1.xsd  -->  https://raw.githubusercontent.com/larsbarring/cf-convention.github.io/test-all-issue-457/Data/schema-files/cf-standard-name-table-2.0.xsd
CHANGED  :  'last_modified'  -->  'first_published_date'
ADDED    :  MODIFIED DATE


READING  SAVED ORIGINAL FILE:  /home/a001257/CODE/cf-conventions/cf-convention.github.io/Data/cf-standard-names/71/src/cf-standard-name-table.xml
CHANGED  :  XSD FILE NAME   cf-standard-name-table-1.1.xsd  -->  https://raw.githubusercontent.com/larsbarring/cf-convention.github.io/test-all-issue-457/Data/schema-files/cf-standard-name-table-2.0.xsd
FIXED    :  DATETIME in version 71
CHANGED  :  'last_modified'  -->  'first_published_date'
ADDED    :  MODIFIED DATE


READING  SAVED ORIGINAL FILE:  /home/a001257/CODE/cf-conventions/cf-convention.github.io/Data/cf-standard-names/72/src/cf-standard-name-table.xml
CHANGED  :  XSD FILE NAME   cf-standard-name-table-1.1.xsd  -->  https://raw.githubusercontent.com/larsbarring/cf-convention.github.io/test-all-issue-457/Data/schema-files/cf-standard-name-table-2.0.xsd
CHANGED  :  'last_modified'  -->  'first_published_date'
ADDED    :  MODIFIED DATE


READING  SAVED ORIGINAL FILE:  /home/a001257/CODE/cf-conventions/cf-convention.github.io/Data/cf-standard-names/73/src/cf-standard-name-table.xml
CHANGED  :  XSD FILE NAME   cf-standard-name-table-1.1.xsd  -->  https://raw.githubusercontent.com/larsbarring/cf-convention.github.io/test-all-issue-457/Data/schema-files/cf-standard-name-table-2.0.xsd
CHANGED  :  'last_modified'  -->  'first_published_date'
ADDED    :  MODIFIED DATE


READING  SAVED ORIGINAL FILE:  /home/a001257/CODE/cf-conventions/cf-convention.github.io/Data/cf-standard-names/74/src/cf-standard-name-table.xml
CHANGED  :  XSD FILE NAME   cf-standard-name-table-1.1.xsd  -->  https://raw.githubusercontent.com/larsbarring/cf-convention.github.io/test-all-issue-457/Data/schema-files/cf-standard-name-table-2.0.xsd
CHANGED  :  'last_modified'  -->  'first_published_date'
ADDED    :  MODIFIED DATE


READING  SAVED ORIGINAL FILE:  /home/a001257/CODE/cf-conventions/cf-convention.github.io/Data/cf-standard-names/75/src/cf-standard-name-table.xml
CHANGED  :  XSD FILE NAME   cf-standard-name-table-1.1.xsd  -->  https://raw.githubusercontent.com/larsbarring/cf-convention.github.io/test-all-issue-457/Data/schema-files/cf-standard-name-table-2.0.xsd
CHANGED  :  'last_modified'  -->  'first_published_date'
ADDED    :  MODIFIED DATE


READING  SAVED ORIGINAL FILE:  /home/a001257/CODE/cf-conventions/cf-convention.github.io/Data/cf-standard-names/76/src/cf-standard-name-table.xml
CHANGED  :  XSD FILE NAME   cf-standard-name-table-1.1.xsd  -->  https://raw.githubusercontent.com/larsbarring/cf-convention.github.io/test-all-issue-457/Data/schema-files/cf-standard-name-table-2.0.xsd
CHANGED  :  'last_modified'  -->  'first_published_date'
ADDED    :  MODIFIED DATE


READING  SAVED ORIGINAL FILE:  /home/a001257/CODE/cf-conventions/cf-convention.github.io/Data/cf-standard-names/77/src/cf-standard-name-table.xml
CHANGED  :  XSD FILE NAME   cf-standard-name-table-1.1.xsd  -->  https://raw.githubusercontent.com/larsbarring/cf-convention.github.io/test-all-issue-457/Data/schema-files/cf-standard-name-table-2.0.xsd
CHANGED  :  'last_modified'  -->  'first_published_date'
ADDED    :  MODIFIED DATE


READING  SAVED ORIGINAL FILE:  /home/a001257/CODE/cf-conventions/cf-convention.github.io/Data/cf-standard-names/78/src/cf-standard-name-table.xml
CHANGED  :  XSD FILE NAME   cf-standard-name-table-1.1.xsd  -->  https://raw.githubusercontent.com/larsbarring/cf-convention.github.io/test-all-issue-457/Data/schema-files/cf-standard-name-table-2.0.xsd
CHANGED  :  'last_modified'  -->  'first_published_date'
ADDED    :  MODIFIED DATE


READING  SAVED ORIGINAL FILE:  /home/a001257/CODE/cf-conventions/cf-convention.github.io/Data/cf-standard-names/79/src/cf-standard-name-table.xml
CHANGED  :  XSD FILE NAME   cf-standard-name-table-1.1.xsd  -->  https://raw.githubusercontent.com/larsbarring/cf-convention.github.io/test-all-issue-457/Data/schema-files/cf-standard-name-table-2.0.xsd
CHANGED  :  'last_modified'  -->  'first_published_date'
ADDED    :  MODIFIED DATE


READING  SAVED ORIGINAL FILE:  /home/a001257/CODE/cf-conventions/cf-convention.github.io/Data/cf-standard-names/80/src/cf-standard-name-table.xml
CHANGED  :  XSD FILE NAME   cf-standard-name-table-1.1.xsd  -->  https://raw.githubusercontent.com/larsbarring/cf-convention.github.io/test-all-issue-457/Data/schema-files/cf-standard-name-table-2.0.xsd
CHANGED  :  'last_modified'  -->  'first_published_date'
ADDED    :  MODIFIED DATE


READING  SAVED ORIGINAL FILE:  /home/a001257/CODE/cf-conventions/cf-convention.github.io/Data/cf-standard-names/81/src/cf-standard-name-table.xml
CHANGED  :  XSD FILE NAME   cf-standard-name-table-1.1.xsd  -->  https://raw.githubusercontent.com/larsbarring/cf-convention.github.io/test-all-issue-457/Data/schema-files/cf-standard-name-table-2.0.xsd
CHANGED  :  'last_modified'  -->  'first_published_date'
ADDED    :  MODIFIED DATE


READING  SAVED ORIGINAL FILE:  /home/a001257/CODE/cf-conventions/cf-convention.github.io/Data/cf-standard-names/82/src/cf-standard-name-table.xml
CHANGED  :  XSD FILE NAME   cf-standard-name-table-1.1.xsd  -->  https://raw.githubusercontent.com/larsbarring/cf-convention.github.io/test-all-issue-457/Data/schema-files/cf-standard-name-table-2.0.xsd
CHANGED  :  'last_modified'  -->  'first_published_date'
ADDED    :  MODIFIED DATE


READING  SAVED ORIGINAL FILE:  /home/a001257/CODE/cf-conventions/cf-convention.github.io/Data/cf-standard-names/83/src/cf-standard-name-table.xml
CHANGED  :  XSD FILE NAME   cf-standard-name-table-1.1.xsd  -->  https://raw.githubusercontent.com/larsbarring/cf-convention.github.io/test-all-issue-457/Data/schema-files/cf-standard-name-table-2.0.xsd
CHANGED  :  'last_modified'  -->  'first_published_date'
ADDED    :  MODIFIED DATE


READING  SAVED ORIGINAL FILE:  /home/a001257/CODE/cf-conventions/cf-convention.github.io/Data/cf-standard-names/84/src/cf-standard-name-table.xml
CHANGED  :  XSD FILE NAME   cf-standard-name-table-1.1.xsd  -->  https://raw.githubusercontent.com/larsbarring/cf-convention.github.io/test-all-issue-457/Data/schema-files/cf-standard-name-table-2.0.xsd
CHANGED  :  'last_modified'  -->  'first_published_date'
ADDED    :  MODIFIED DATE


